[09:25:14] >>> CONTEXT: TASKSEXTERNAL.READ - PATH: UNDEFINED <<<
TypeError: Failed to parse URL from undefined
    at node:internal/deps/undici/undici:13510:13
    at processTicksAndRejections (node:internal/process/task_queues:105:5)
[CAUSE]: TypeError: Invalid URL
    at new URL (node:internal/url:825:25)
    at new Request (node:internal/deps/undici/undici:9586:25)
    at fetch (node:internal/deps/undici/undici:10315:25)
    at fetch (node:internal/deps/undici/undici:13508:10)
    at fetch (node:internal/bootstrap/web/exposed-window-or-worker:75:12)
    at server/main.js:130:14
    at Generator.next (<anonymous>)
    at asyncGeneratorStep (C:\Users\ivanchantf\Documents\fromDdriveIvanTF\poc-meteor\poc-meteor\node_modules\@swc\helpers\cjs\_async_to_generator.cjs:5:28)
    at _next (C:\Users\ivanchantf\Documents\fromDdriveIvanTF\poc-meteor\poc-meteor\node_modules\@swc\helpers\cjs\_async_to_generator.cjs:22:17)
    at C:\Users\ivanchantf\Documents\fromDdriveIvanTF\poc-meteor\poc-meteor\node_modules\@swc\helpers\cjs\_async_to_generator.cjs:29:13
    at new Promise (<anonymous>)
    at C:\Users\ivanchantf\Documents\fromDdriveIvanTF\poc-meteor\poc-meteor\node_modules\@swc\helpers\cjs\_async_to_generator.cjs:18:16
    at MethodInvocation.tasksExternal.read (server/main.js:149:5)
    at maybeAuditArgumentChecks (packages/ddp-server/livedata_server.js:1748:12)
    at packages/ddp-server/livedata_server.js:601:19
    at AsyncLocalStorage.run (node:internal/async_local_storage/async_hooks:91:14) {
  code: 'ERR_INVALID_URL',
  input: 'undefined'
}
============================================================
[09:27:43] >>> CONTEXT: TASKSEXTERNAL.READ - PATH: UNDEFINED <<<
TypeError: Failed to parse URL from undefined
    at node:internal/deps/undici/undici:13510:13
    at processTicksAndRejections (node:internal/process/task_queues:105:5)
[CAUSE]: TypeError: Invalid URL
    at new URL (node:internal/url:825:25)
    at new Request (node:internal/deps/undici/undici:9586:25)
    at fetch (node:internal/deps/undici/undici:10315:25)
    at fetch (node:internal/deps/undici/undici:13508:10)
    at fetch (node:internal/bootstrap/web/exposed-window-or-worker:75:12)
    at server/main.js:130:14
    at Generator.next (<anonymous>)
    at asyncGeneratorStep (C:\Users\ivanchantf\Documents\fromDdriveIvanTF\poc-meteor\poc-meteor\node_modules\@swc\helpers\cjs\_async_to_generator.cjs:5:28)
    at _next (C:\Users\ivanchantf\Documents\fromDdriveIvanTF\poc-meteor\poc-meteor\node_modules\@swc\helpers\cjs\_async_to_generator.cjs:22:17)
    at C:\Users\ivanchantf\Documents\fromDdriveIvanTF\poc-meteor\poc-meteor\node_modules\@swc\helpers\cjs\_async_to_generator.cjs:29:13
    at new Promise (<anonymous>)
    at C:\Users\ivanchantf\Documents\fromDdriveIvanTF\poc-meteor\poc-meteor\node_modules\@swc\helpers\cjs\_async_to_generator.cjs:18:16
    at MethodInvocation.tasksExternal.read (server/main.js:149:5)
    at maybeAuditArgumentChecks (packages/ddp-server/livedata_server.js:1748:12)
    at packages/ddp-server/livedata_server.js:601:19
    at AsyncLocalStorage.run (node:internal/async_local_storage/async_hooks:91:14) {
  code: 'ERR_INVALID_URL',
  input: 'undefined'
}
============================================================
[09:27:46] >>> CONTEXT: TASKSEXTERNAL.READ - PATH: UNDEFINED <<<
TypeError: Failed to parse URL from undefined
    at node:internal/deps/undici/undici:13510:13
    at processTicksAndRejections (node:internal/process/task_queues:105:5)
[CAUSE]: TypeError: Invalid URL
    at new URL (node:internal/url:825:25)
    at new Request (node:internal/deps/undici/undici:9586:25)
    at fetch (node:internal/deps/undici/undici:10315:25)
    at fetch (node:internal/deps/undici/undici:13508:10)
    at fetch (node:internal/bootstrap/web/exposed-window-or-worker:75:12)
    at server/main.js:130:14
    at Generator.next (<anonymous>)
    at asyncGeneratorStep (C:\Users\ivanchantf\Documents\fromDdriveIvanTF\poc-meteor\poc-meteor\node_modules\@swc\helpers\cjs\_async_to_generator.cjs:5:28)
    at _next (C:\Users\ivanchantf\Documents\fromDdriveIvanTF\poc-meteor\poc-meteor\node_modules\@swc\helpers\cjs\_async_to_generator.cjs:22:17)
    at C:\Users\ivanchantf\Documents\fromDdriveIvanTF\poc-meteor\poc-meteor\node_modules\@swc\helpers\cjs\_async_to_generator.cjs:29:13
    at new Promise (<anonymous>)
    at C:\Users\ivanchantf\Documents\fromDdriveIvanTF\poc-meteor\poc-meteor\node_modules\@swc\helpers\cjs\_async_to_generator.cjs:18:16
    at MethodInvocation.tasksExternal.read (server/main.js:149:5)
    at maybeAuditArgumentChecks (packages/ddp-server/livedata_server.js:1748:12)
    at packages/ddp-server/livedata_server.js:601:19
    at AsyncLocalStorage.run (node:internal/async_local_storage/async_hooks:91:14) {
  code: 'ERR_INVALID_URL',
  input: 'undefined'
}
============================================================
[09:27:54] >>> CONTEXT: TASKSEXTERNAL.READ - PATH: UNDEFINED <<<
TypeError: Failed to parse URL from undefined
    at node:internal/deps/undici/undici:13510:13
    at processTicksAndRejections (node:internal/process/task_queues:105:5)
[CAUSE]: TypeError: Invalid URL
    at new URL (node:internal/url:825:25)
    at new Request (node:internal/deps/undici/undici:9586:25)
    at fetch (node:internal/deps/undici/undici:10315:25)
    at fetch (node:internal/deps/undici/undici:13508:10)
    at fetch (node:internal/bootstrap/web/exposed-window-or-worker:75:12)
    at server/main.js:130:14
    at Generator.next (<anonymous>)
    at asyncGeneratorStep (C:\Users\ivanchantf\Documents\fromDdriveIvanTF\poc-meteor\poc-meteor\node_modules\@swc\helpers\cjs\_async_to_generator.cjs:5:28)
    at _next (C:\Users\ivanchantf\Documents\fromDdriveIvanTF\poc-meteor\poc-meteor\node_modules\@swc\helpers\cjs\_async_to_generator.cjs:22:17)
    at C:\Users\ivanchantf\Documents\fromDdriveIvanTF\poc-meteor\poc-meteor\node_modules\@swc\helpers\cjs\_async_to_generator.cjs:29:13
    at new Promise (<anonymous>)
    at C:\Users\ivanchantf\Documents\fromDdriveIvanTF\poc-meteor\poc-meteor\node_modules\@swc\helpers\cjs\_async_to_generator.cjs:18:16
    at MethodInvocation.tasksExternal.read (server/main.js:149:5)
    at maybeAuditArgumentChecks (packages/ddp-server/livedata_server.js:1748:12)
    at packages/ddp-server/livedata_server.js:601:19
    at AsyncLocalStorage.run (node:internal/async_local_storage/async_hooks:91:14) {
  code: 'ERR_INVALID_URL',
  input: 'undefined'
}
============================================================
[09:28:19] >>> CONTEXT: TASKSEXTERNAL.READ - PATH: UNDEFINED <<<
TypeError: Failed to parse URL from undefined
    at node:internal/deps/undici/undici:13510:13
    at processTicksAndRejections (node:internal/process/task_queues:105:5)
[CAUSE]: TypeError: Invalid URL
    at new URL (node:internal/url:825:25)
    at new Request (node:internal/deps/undici/undici:9586:25)
    at fetch (node:internal/deps/undici/undici:10315:25)
    at fetch (node:internal/deps/undici/undici:13508:10)
    at fetch (node:internal/bootstrap/web/exposed-window-or-worker:75:12)
    at server/main.js:130:14
    at Generator.next (<anonymous>)
    at asyncGeneratorStep (C:\Users\ivanchantf\Documents\fromDdriveIvanTF\poc-meteor\poc-meteor\node_modules\@swc\helpers\cjs\_async_to_generator.cjs:5:28)
    at _next (C:\Users\ivanchantf\Documents\fromDdriveIvanTF\poc-meteor\poc-meteor\node_modules\@swc\helpers\cjs\_async_to_generator.cjs:22:17)
    at C:\Users\ivanchantf\Documents\fromDdriveIvanTF\poc-meteor\poc-meteor\node_modules\@swc\helpers\cjs\_async_to_generator.cjs:29:13
    at new Promise (<anonymous>)
    at C:\Users\ivanchantf\Documents\fromDdriveIvanTF\poc-meteor\poc-meteor\node_modules\@swc\helpers\cjs\_async_to_generator.cjs:18:16
    at MethodInvocation.tasksExternal.read (server/main.js:149:5)
    at maybeAuditArgumentChecks (packages/ddp-server/livedata_server.js:1748:12)
    at packages/ddp-server/livedata_server.js:601:19
    at AsyncLocalStorage.run (node:internal/async_local_storage/async_hooks:91:14) {
  code: 'ERR_INVALID_URL',
  input: 'undefined'
}
============================================================
[09:28:21] >>> CONTEXT: TASKSEXTERNAL.READ - PATH: UNDEFINED <<<
TypeError: Failed to parse URL from undefined
    at node:internal/deps/undici/undici:13510:13
    at processTicksAndRejections (node:internal/process/task_queues:105:5)
[CAUSE]: TypeError: Invalid URL
    at new URL (node:internal/url:825:25)
    at new Request (node:internal/deps/undici/undici:9586:25)
    at fetch (node:internal/deps/undici/undici:10315:25)
    at fetch (node:internal/deps/undici/undici:13508:10)
    at fetch (node:internal/bootstrap/web/exposed-window-or-worker:75:12)
    at server/main.js:130:14
    at Generator.next (<anonymous>)
    at asyncGeneratorStep (C:\Users\ivanchantf\Documents\fromDdriveIvanTF\poc-meteor\poc-meteor\node_modules\@swc\helpers\cjs\_async_to_generator.cjs:5:28)
    at _next (C:\Users\ivanchantf\Documents\fromDdriveIvanTF\poc-meteor\poc-meteor\node_modules\@swc\helpers\cjs\_async_to_generator.cjs:22:17)
    at C:\Users\ivanchantf\Documents\fromDdriveIvanTF\poc-meteor\poc-meteor\node_modules\@swc\helpers\cjs\_async_to_generator.cjs:29:13
    at new Promise (<anonymous>)
    at C:\Users\ivanchantf\Documents\fromDdriveIvanTF\poc-meteor\poc-meteor\node_modules\@swc\helpers\cjs\_async_to_generator.cjs:18:16
    at MethodInvocation.tasksExternal.read (server/main.js:149:5)
    at maybeAuditArgumentChecks (packages/ddp-server/livedata_server.js:1748:12)
    at packages/ddp-server/livedata_server.js:601:19
    at AsyncLocalStorage.run (node:internal/async_local_storage/async_hooks:91:14) {
  code: 'ERR_INVALID_URL',
  input: 'undefined'
}
============================================================
[09:32:30] >>> CONTEXT: TASKSEXTERNAL.READ - PATH: UNDEFINED <<<
TypeError: Failed to parse URL from undefined
    at node:internal/deps/undici/undici:13510:13
    at processTicksAndRejections (node:internal/process/task_queues:105:5)
[CAUSE]: TypeError: Invalid URL
    at new URL (node:internal/url:825:25)
    at new Request (node:internal/deps/undici/undici:9586:25)
    at fetch (node:internal/deps/undici/undici:10315:25)
    at fetch (node:internal/deps/undici/undici:13508:10)
    at fetch (node:internal/bootstrap/web/exposed-window-or-worker:75:12)
    at server/main.js:130:14
    at Generator.next (<anonymous>)
    at asyncGeneratorStep (C:\Users\ivanchantf\Documents\fromDdriveIvanTF\poc-meteor\poc-meteor\node_modules\@swc\helpers\cjs\_async_to_generator.cjs:5:28)
    at _next (C:\Users\ivanchantf\Documents\fromDdriveIvanTF\poc-meteor\poc-meteor\node_modules\@swc\helpers\cjs\_async_to_generator.cjs:22:17)
    at C:\Users\ivanchantf\Documents\fromDdriveIvanTF\poc-meteor\poc-meteor\node_modules\@swc\helpers\cjs\_async_to_generator.cjs:29:13
    at new Promise (<anonymous>)
    at C:\Users\ivanchantf\Documents\fromDdriveIvanTF\poc-meteor\poc-meteor\node_modules\@swc\helpers\cjs\_async_to_generator.cjs:18:16
    at MethodInvocation.tasksExternal.read (server/main.js:149:5)
    at maybeAuditArgumentChecks (packages/ddp-server/livedata_server.js:1748:12)
    at packages/ddp-server/livedata_server.js:601:19
    at AsyncLocalStorage.run (node:internal/async_local_storage/async_hooks:91:14) {
  code: 'ERR_INVALID_URL',
  input: 'undefined'
}
============================================================
[09:33:12] >>> CONTEXT: TASKSEXTERNAL.READ - PATH: UNDEFINED <<<
TypeError: Failed to parse URL from undefined
    at node:internal/deps/undici/undici:13510:13
    at processTicksAndRejections (node:internal/process/task_queues:105:5)
[CAUSE]: TypeError: Invalid URL
    at new URL (node:internal/url:825:25)
    at new Request (node:internal/deps/undici/undici:9586:25)
    at fetch (node:internal/deps/undici/undici:10315:25)
    at fetch (node:internal/deps/undici/undici:13508:10)
    at fetch (node:internal/bootstrap/web/exposed-window-or-worker:75:12)
    at server/main.js:130:14
    at Generator.next (<anonymous>)
    at asyncGeneratorStep (C:\Users\ivanchantf\Documents\fromDdriveIvanTF\poc-meteor\poc-meteor\node_modules\@swc\helpers\cjs\_async_to_generator.cjs:5:28)
    at _next (C:\Users\ivanchantf\Documents\fromDdriveIvanTF\poc-meteor\poc-meteor\node_modules\@swc\helpers\cjs\_async_to_generator.cjs:22:17)
    at C:\Users\ivanchantf\Documents\fromDdriveIvanTF\poc-meteor\poc-meteor\node_modules\@swc\helpers\cjs\_async_to_generator.cjs:29:13
    at new Promise (<anonymous>)
    at C:\Users\ivanchantf\Documents\fromDdriveIvanTF\poc-meteor\poc-meteor\node_modules\@swc\helpers\cjs\_async_to_generator.cjs:18:16
    at MethodInvocation.tasksExternal.read (server/main.js:149:5)
    at maybeAuditArgumentChecks (packages/ddp-server/livedata_server.js:1748:12)
    at packages/ddp-server/livedata_server.js:601:19
    at AsyncLocalStorage.run (node:internal/async_local_storage/async_hooks:91:14) {
  code: 'ERR_INVALID_URL',
  input: 'undefined'
}
============================================================
[09:33:17] >>> CONTEXT: ERROR INSERT TO PWA-BACKEND: - PATH: HTTP://ABC:404/API/INSERT <<<
TypeError: fetch failed
    at node:internal/deps/undici/undici:13510:13
    at processTicksAndRejections (node:internal/process/task_queues:105:5)
[CAUSE]: Error: getaddrinfo ENOTFOUND abc
    at GetAddrInfoReqWrap.onlookupall [as oncomplete] (node:dns:122:26)
    at GetAddrInfoReqWrap.callbackTrampoline (node:internal/async_hooks:130:17) {
  errno: -3008,
  code: 'ENOTFOUND',
  syscall: 'getaddrinfo',
  hostname: 'abc'
}
============================================================
[09:33:21] >>> CONTEXT: ERROR UPDATE IN PWA-BACKEND: - PATH: HTTP://ABC:404/API/UPDATE <<<
TypeError: fetch failed
    at node:internal/deps/undici/undici:13510:13
    at processTicksAndRejections (node:internal/process/task_queues:105:5)
[CAUSE]: Error: getaddrinfo ENOTFOUND abc
    at GetAddrInfoReqWrap.onlookupall [as oncomplete] (node:dns:122:26)
    at GetAddrInfoReqWrap.callbackTrampoline (node:internal/async_hooks:130:17) {
  errno: -3008,
  code: 'ENOTFOUND',
  syscall: 'getaddrinfo',
  hostname: 'abc'
}
============================================================
[09:33:23] >>> CONTEXT: ERROR DELETE IN PWA-BACKEND: HTTP://ABC:404/API/DELETE <<<
TypeError: fetch failed
    at node:internal/deps/undici/undici:13510:13
    at processTicksAndRejections (node:internal/process/task_queues:105:5)
[CAUSE]: Error: getaddrinfo ENOTFOUND abc
    at GetAddrInfoReqWrap.onlookupall [as oncomplete] (node:dns:122:26)
    at GetAddrInfoReqWrap.callbackTrampoline (node:internal/async_hooks:130:17) {
  errno: -3008,
  code: 'ENOTFOUND',
  syscall: 'getaddrinfo',
  hostname: 'abc'
}
============================================================
[09:33:26] >>> CONTEXT: ERROR INSERT TO PWA-BACKEND: - PATH: HTTP://ABC:404/API/INSERT <<<
TypeError: fetch failed
    at node:internal/deps/undici/undici:13510:13
    at processTicksAndRejections (node:internal/process/task_queues:105:5)
[CAUSE]: Error: getaddrinfo ENOTFOUND abc
    at GetAddrInfoReqWrap.onlookupall [as oncomplete] (node:dns:122:26)
    at GetAddrInfoReqWrap.callbackTrampoline (node:internal/async_hooks:130:17) {
  errno: -3008,
  code: 'ENOTFOUND',
  syscall: 'getaddrinfo',
  hostname: 'abc'
}
============================================================
[09:33:27] >>> CONTEXT: ERROR UPDATE IN PWA-BACKEND: - PATH: HTTP://ABC:404/API/UPDATE <<<
TypeError: fetch failed
    at node:internal/deps/undici/undici:13510:13
    at processTicksAndRejections (node:internal/process/task_queues:105:5)
[CAUSE]: Error: getaddrinfo ENOTFOUND abc
    at GetAddrInfoReqWrap.onlookupall [as oncomplete] (node:dns:122:26)
    at GetAddrInfoReqWrap.callbackTrampoline (node:internal/async_hooks:130:17) {
  errno: -3008,
  code: 'ENOTFOUND',
  syscall: 'getaddrinfo',
  hostname: 'abc'
}
============================================================
[09:33:29] >>> CONTEXT: ERROR DELETE IN PWA-BACKEND: HTTP://ABC:404/API/DELETE <<<
TypeError: fetch failed
    at node:internal/deps/undici/undici:13510:13
    at processTicksAndRejections (node:internal/process/task_queues:105:5)
[CAUSE]: Error: getaddrinfo ENOTFOUND abc
    at GetAddrInfoReqWrap.onlookupall [as oncomplete] (node:dns:122:26)
    at GetAddrInfoReqWrap.callbackTrampoline (node:internal/async_hooks:130:17) {
  errno: -3008,
  code: 'ENOTFOUND',
  syscall: 'getaddrinfo',
  hostname: 'abc'
}
============================================================
[09:36:12] >>> CONTEXT: ERROR INSERT TO PWA-BACKEND: - PATH: HTTP://ABC:404/API/INSERT <<<
TypeError: fetch failed
    at node:internal/deps/undici/undici:13510:13
    at processTicksAndRejections (node:internal/process/task_queues:105:5)
[CAUSE]: Error: getaddrinfo ENOTFOUND abc
    at GetAddrInfoReqWrap.onlookupall [as oncomplete] (node:dns:122:26)
    at GetAddrInfoReqWrap.callbackTrampoline (node:internal/async_hooks:130:17) {
  errno: -3008,
  code: 'ENOTFOUND',
  syscall: 'getaddrinfo',
  hostname: 'abc'
}
============================================================
[09:36:14] >>> CONTEXT: ERROR UPDATE IN PWA-BACKEND: - PATH: HTTP://ABC:404/API/UPDATE <<<
TypeError: fetch failed
    at node:internal/deps/undici/undici:13510:13
    at processTicksAndRejections (node:internal/process/task_queues:105:5)
[CAUSE]: Error: getaddrinfo ENOTFOUND abc
    at GetAddrInfoReqWrap.onlookupall [as oncomplete] (node:dns:122:26)
    at GetAddrInfoReqWrap.callbackTrampoline (node:internal/async_hooks:130:17) {
  errno: -3008,
  code: 'ENOTFOUND',
  syscall: 'getaddrinfo',
  hostname: 'abc'
}
============================================================
[09:36:16] >>> CONTEXT: ERROR DELETE IN PWA-BACKEND: HTTP://ABC:404/API/DELETE <<<
TypeError: fetch failed
    at node:internal/deps/undici/undici:13510:13
    at processTicksAndRejections (node:internal/process/task_queues:105:5)
[CAUSE]: Error: getaddrinfo ENOTFOUND abc
    at GetAddrInfoReqWrap.onlookupall [as oncomplete] (node:dns:122:26)
    at GetAddrInfoReqWrap.callbackTrampoline (node:internal/async_hooks:130:17) {
  errno: -3008,
  code: 'ENOTFOUND',
  syscall: 'getaddrinfo',
  hostname: 'abc'
}
============================================================
[09:37:16] >>> CONTEXT: ERROR INSERT TO PWA-BACKEND: - PATH: HTTP://ABC:404/API/INSERT <<<
TypeError: fetch failed
    at node:internal/deps/undici/undici:13510:13
    at processTicksAndRejections (node:internal/process/task_queues:105:5)
[CAUSE]: Error: getaddrinfo ENOTFOUND abc
    at GetAddrInfoReqWrap.onlookupall [as oncomplete] (node:dns:122:26)
    at GetAddrInfoReqWrap.callbackTrampoline (node:internal/async_hooks:130:17) {
  errno: -3008,
  code: 'ENOTFOUND',
  syscall: 'getaddrinfo',
  hostname: 'abc'
}
============================================================
[09:43:13] >>> CONTEXT: TASKSEXTERNAL.READ - PATH: UNDEFINED <<<
TypeError: Failed to parse URL from undefined
    at node:internal/deps/undici/undici:13510:13
    at processTicksAndRejections (node:internal/process/task_queues:105:5)
[CAUSE]: TypeError: Invalid URL
    at new URL (node:internal/url:825:25)
    at new Request (node:internal/deps/undici/undici:9586:25)
    at fetch (node:internal/deps/undici/undici:10315:25)
    at fetch (node:internal/deps/undici/undici:13508:10)
    at fetch (node:internal/bootstrap/web/exposed-window-or-worker:75:12)
    at server/main.js:130:14
    at Generator.next (<anonymous>)
    at asyncGeneratorStep (C:\Users\ivanchantf\Documents\fromDdriveIvanTF\poc-meteor\poc-meteor\node_modules\@swc\helpers\cjs\_async_to_generator.cjs:5:28)
    at _next (C:\Users\ivanchantf\Documents\fromDdriveIvanTF\poc-meteor\poc-meteor\node_modules\@swc\helpers\cjs\_async_to_generator.cjs:22:17)
    at C:\Users\ivanchantf\Documents\fromDdriveIvanTF\poc-meteor\poc-meteor\node_modules\@swc\helpers\cjs\_async_to_generator.cjs:29:13
    at new Promise (<anonymous>)
    at C:\Users\ivanchantf\Documents\fromDdriveIvanTF\poc-meteor\poc-meteor\node_modules\@swc\helpers\cjs\_async_to_generator.cjs:18:16
    at MethodInvocation.tasksExternal.read (server/main.js:149:5)
    at maybeAuditArgumentChecks (packages/ddp-server/livedata_server.js:1748:12)
    at packages/ddp-server/livedata_server.js:601:19
    at AsyncLocalStorage.run (node:internal/async_local_storage/async_hooks:91:14) {
  code: 'ERR_INVALID_URL',
  input: 'undefined'
}
============================================================
[09:43:15] >>> CONTEXT: TASKSEXTERNAL.READ - PATH: UNDEFINED <<<
TypeError: Failed to parse URL from undefined
    at node:internal/deps/undici/undici:13510:13
    at processTicksAndRejections (node:internal/process/task_queues:105:5)
[CAUSE]: TypeError: Invalid URL
    at new URL (node:internal/url:825:25)
    at new Request (node:internal/deps/undici/undici:9586:25)
    at fetch (node:internal/deps/undici/undici:10315:25)
    at fetch (node:internal/deps/undici/undici:13508:10)
    at fetch (node:internal/bootstrap/web/exposed-window-or-worker:75:12)
    at server/main.js:130:14
    at Generator.next (<anonymous>)
    at asyncGeneratorStep (C:\Users\ivanchantf\Documents\fromDdriveIvanTF\poc-meteor\poc-meteor\node_modules\@swc\helpers\cjs\_async_to_generator.cjs:5:28)
    at _next (C:\Users\ivanchantf\Documents\fromDdriveIvanTF\poc-meteor\poc-meteor\node_modules\@swc\helpers\cjs\_async_to_generator.cjs:22:17)
    at C:\Users\ivanchantf\Documents\fromDdriveIvanTF\poc-meteor\poc-meteor\node_modules\@swc\helpers\cjs\_async_to_generator.cjs:29:13
    at new Promise (<anonymous>)
    at C:\Users\ivanchantf\Documents\fromDdriveIvanTF\poc-meteor\poc-meteor\node_modules\@swc\helpers\cjs\_async_to_generator.cjs:18:16
    at MethodInvocation.tasksExternal.read (server/main.js:149:5)
    at maybeAuditArgumentChecks (packages/ddp-server/livedata_server.js:1748:12)
    at packages/ddp-server/livedata_server.js:601:19
    at AsyncLocalStorage.run (node:internal/async_local_storage/async_hooks:91:14) {
  code: 'ERR_INVALID_URL',
  input: 'undefined'
}
============================================================
[09:43:20] >>> CONTEXT: TASKSEXTERNAL.READ - PATH: UNDEFINED <<<
TypeError: Failed to parse URL from undefined
    at node:internal/deps/undici/undici:13510:13
    at processTicksAndRejections (node:internal/process/task_queues:105:5)
[CAUSE]: TypeError: Invalid URL
    at new URL (node:internal/url:825:25)
    at new Request (node:internal/deps/undici/undici:9586:25)
    at fetch (node:internal/deps/undici/undici:10315:25)
    at fetch (node:internal/deps/undici/undici:13508:10)
    at fetch (node:internal/bootstrap/web/exposed-window-or-worker:75:12)
    at server/main.js:130:14
    at Generator.next (<anonymous>)
    at asyncGeneratorStep (C:\Users\ivanchantf\Documents\fromDdriveIvanTF\poc-meteor\poc-meteor\node_modules\@swc\helpers\cjs\_async_to_generator.cjs:5:28)
    at _next (C:\Users\ivanchantf\Documents\fromDdriveIvanTF\poc-meteor\poc-meteor\node_modules\@swc\helpers\cjs\_async_to_generator.cjs:22:17)
    at C:\Users\ivanchantf\Documents\fromDdriveIvanTF\poc-meteor\poc-meteor\node_modules\@swc\helpers\cjs\_async_to_generator.cjs:29:13
    at new Promise (<anonymous>)
    at C:\Users\ivanchantf\Documents\fromDdriveIvanTF\poc-meteor\poc-meteor\node_modules\@swc\helpers\cjs\_async_to_generator.cjs:18:16
    at MethodInvocation.tasksExternal.read (server/main.js:149:5)
    at maybeAuditArgumentChecks (packages/ddp-server/livedata_server.js:1748:12)
    at packages/ddp-server/livedata_server.js:601:19
    at AsyncLocalStorage.run (node:internal/async_local_storage/async_hooks:91:14) {
  code: 'ERR_INVALID_URL',
  input: 'undefined'
}
============================================================
[10:15:54] >>> CONTEXT: TASKSEXTERNAL.READ - PATH: UNDEFINED <<<
TypeError: Failed to parse URL from undefined
    at node:internal/deps/undici/undici:13510:13
    at processTicksAndRejections (node:internal/process/task_queues:105:5)
[CAUSE]: TypeError: Invalid URL
    at new URL (node:internal/url:825:25)
    at new Request (node:internal/deps/undici/undici:9586:25)
    at fetch (node:internal/deps/undici/undici:10315:25)
    at fetch (node:internal/deps/undici/undici:13508:10)
    at fetch (node:internal/bootstrap/web/exposed-window-or-worker:75:12)
    at server/main.js:130:14
    at Generator.next (<anonymous>)
    at asyncGeneratorStep (C:\Users\ivanchantf\Documents\fromDdriveIvanTF\poc-meteor\poc-meteor\node_modules\@swc\helpers\cjs\_async_to_generator.cjs:5:28)
    at _next (C:\Users\ivanchantf\Documents\fromDdriveIvanTF\poc-meteor\poc-meteor\node_modules\@swc\helpers\cjs\_async_to_generator.cjs:22:17)
    at C:\Users\ivanchantf\Documents\fromDdriveIvanTF\poc-meteor\poc-meteor\node_modules\@swc\helpers\cjs\_async_to_generator.cjs:29:13
    at new Promise (<anonymous>)
    at C:\Users\ivanchantf\Documents\fromDdriveIvanTF\poc-meteor\poc-meteor\node_modules\@swc\helpers\cjs\_async_to_generator.cjs:18:16
    at MethodInvocation.tasksExternal.read (server/main.js:149:5)
    at maybeAuditArgumentChecks (packages/ddp-server/livedata_server.js:1748:12)
    at packages/ddp-server/livedata_server.js:601:19
    at AsyncLocalStorage.run (node:internal/async_local_storage/async_hooks:91:14) {
  code: 'ERR_INVALID_URL',
  input: 'undefined'
}
============================================================
[10:16:31] >>> CONTEXT: TASKSEXTERNAL.READ - PATH: UNDEFINED <<<
TypeError: Failed to parse URL from undefined
    at node:internal/deps/undici/undici:13510:13
    at processTicksAndRejections (node:internal/process/task_queues:105:5)
[CAUSE]: TypeError: Invalid URL
    at new URL (node:internal/url:825:25)
    at new Request (node:internal/deps/undici/undici:9586:25)
    at fetch (node:internal/deps/undici/undici:10315:25)
    at fetch (node:internal/deps/undici/undici:13508:10)
    at fetch (node:internal/bootstrap/web/exposed-window-or-worker:75:12)
    at server/main.js:130:14
    at Generator.next (<anonymous>)
    at asyncGeneratorStep (C:\Users\ivanchantf\Documents\fromDdriveIvanTF\poc-meteor\poc-meteor\node_modules\@swc\helpers\cjs\_async_to_generator.cjs:5:28)
    at _next (C:\Users\ivanchantf\Documents\fromDdriveIvanTF\poc-meteor\poc-meteor\node_modules\@swc\helpers\cjs\_async_to_generator.cjs:22:17)
    at C:\Users\ivanchantf\Documents\fromDdriveIvanTF\poc-meteor\poc-meteor\node_modules\@swc\helpers\cjs\_async_to_generator.cjs:29:13
    at new Promise (<anonymous>)
    at C:\Users\ivanchantf\Documents\fromDdriveIvanTF\poc-meteor\poc-meteor\node_modules\@swc\helpers\cjs\_async_to_generator.cjs:18:16
    at MethodInvocation.tasksExternal.read (server/main.js:149:5)
    at maybeAuditArgumentChecks (packages/ddp-server/livedata_server.js:1748:12)
    at packages/ddp-server/livedata_server.js:601:19
    at AsyncLocalStorage.run (node:internal/async_local_storage/async_hooks:91:14) {
  code: 'ERR_INVALID_URL',
  input: 'undefined'
}
============================================================
[10:18:32] >>> CONTEXT: TASKSEXTERNAL.READ - PATH: UNDEFINED <<<
TypeError: Failed to parse URL from undefined
    at node:internal/deps/undici/undici:13510:13
    at processTicksAndRejections (node:internal/process/task_queues:105:5)
[CAUSE]: TypeError: Invalid URL
    at new URL (node:internal/url:825:25)
    at new Request (node:internal/deps/undici/undici:9586:25)
    at fetch (node:internal/deps/undici/undici:10315:25)
    at fetch (node:internal/deps/undici/undici:13508:10)
    at fetch (node:internal/bootstrap/web/exposed-window-or-worker:75:12)
    at server/main.js:130:14
    at Generator.next (<anonymous>)
    at asyncGeneratorStep (C:\Users\ivanchantf\Documents\fromDdriveIvanTF\poc-meteor\poc-meteor\node_modules\@swc\helpers\cjs\_async_to_generator.cjs:5:28)
    at _next (C:\Users\ivanchantf\Documents\fromDdriveIvanTF\poc-meteor\poc-meteor\node_modules\@swc\helpers\cjs\_async_to_generator.cjs:22:17)
    at C:\Users\ivanchantf\Documents\fromDdriveIvanTF\poc-meteor\poc-meteor\node_modules\@swc\helpers\cjs\_async_to_generator.cjs:29:13
    at new Promise (<anonymous>)
    at C:\Users\ivanchantf\Documents\fromDdriveIvanTF\poc-meteor\poc-meteor\node_modules\@swc\helpers\cjs\_async_to_generator.cjs:18:16
    at MethodInvocation.tasksExternal.read (server/main.js:149:5)
    at maybeAuditArgumentChecks (packages/ddp-server/livedata_server.js:1748:12)
    at packages/ddp-server/livedata_server.js:601:19
    at AsyncLocalStorage.run (node:internal/async_local_storage/async_hooks:91:14) {
  code: 'ERR_INVALID_URL',
  input: 'undefined'
}
============================================================
[10:23:59] >>> CONTEXT: TASKSEXTERNAL.READ - PATH: UNDEFINED <<<
TypeError: Failed to parse URL from undefined
    at node:internal/deps/undici/undici:13510:13
    at processTicksAndRejections (node:internal/process/task_queues:105:5)
[CAUSE]: TypeError: Invalid URL
    at new URL (node:internal/url:825:25)
    at new Request (node:internal/deps/undici/undici:9586:25)
    at fetch (node:internal/deps/undici/undici:10315:25)
    at fetch (node:internal/deps/undici/undici:13508:10)
    at fetch (node:internal/bootstrap/web/exposed-window-or-worker:75:12)
    at server/main.js:130:14
    at Generator.next (<anonymous>)
    at asyncGeneratorStep (C:\Users\ivanchantf\Documents\fromDdriveIvanTF\poc-meteor\poc-meteor\node_modules\@swc\helpers\cjs\_async_to_generator.cjs:5:28)
    at _next (C:\Users\ivanchantf\Documents\fromDdriveIvanTF\poc-meteor\poc-meteor\node_modules\@swc\helpers\cjs\_async_to_generator.cjs:22:17)
    at C:\Users\ivanchantf\Documents\fromDdriveIvanTF\poc-meteor\poc-meteor\node_modules\@swc\helpers\cjs\_async_to_generator.cjs:29:13
    at new Promise (<anonymous>)
    at C:\Users\ivanchantf\Documents\fromDdriveIvanTF\poc-meteor\poc-meteor\node_modules\@swc\helpers\cjs\_async_to_generator.cjs:18:16
    at MethodInvocation.tasksExternal.read (server/main.js:149:5)
    at maybeAuditArgumentChecks (packages/ddp-server/livedata_server.js:1748:12)
    at packages/ddp-server/livedata_server.js:601:19
    at AsyncLocalStorage.run (node:internal/async_local_storage/async_hooks:91:14) {
  code: 'ERR_INVALID_URL',
  input: 'undefined'
}
============================================================
[10:27:59] >>> CONTEXT: TASKSEXTERNAL.READ - PATH: UNDEFINED <<<
TypeError: Failed to parse URL from undefined
    at node:internal/deps/undici/undici:13510:13
    at processTicksAndRejections (node:internal/process/task_queues:105:5)
[CAUSE]: TypeError: Invalid URL
    at new URL (node:internal/url:825:25)
    at new Request (node:internal/deps/undici/undici:9586:25)
    at fetch (node:internal/deps/undici/undici:10315:25)
    at fetch (node:internal/deps/undici/undici:13508:10)
    at fetch (node:internal/bootstrap/web/exposed-window-or-worker:75:12)
    at server/main.js:130:14
    at Generator.next (<anonymous>)
    at asyncGeneratorStep (C:\Users\ivanchantf\Documents\fromDdriveIvanTF\poc-meteor\poc-meteor\node_modules\@swc\helpers\cjs\_async_to_generator.cjs:5:28)
    at _next (C:\Users\ivanchantf\Documents\fromDdriveIvanTF\poc-meteor\poc-meteor\node_modules\@swc\helpers\cjs\_async_to_generator.cjs:22:17)
    at C:\Users\ivanchantf\Documents\fromDdriveIvanTF\poc-meteor\poc-meteor\node_modules\@swc\helpers\cjs\_async_to_generator.cjs:29:13
    at new Promise (<anonymous>)
    at C:\Users\ivanchantf\Documents\fromDdriveIvanTF\poc-meteor\poc-meteor\node_modules\@swc\helpers\cjs\_async_to_generator.cjs:18:16
    at MethodInvocation.tasksExternal.read (server/main.js:149:5)
    at maybeAuditArgumentChecks (packages/ddp-server/livedata_server.js:1748:12)
    at packages/ddp-server/livedata_server.js:601:19
    at AsyncLocalStorage.run (node:internal/async_local_storage/async_hooks:91:14) {
  code: 'ERR_INVALID_URL',
  input: 'undefined'
}
============================================================
[10:44:24] >>> CONTEXT: ERROR INSERT TO PWA-BACKEND: - PATH: HTTP://ABC:404/API/INSERT <<<
TypeError: fetch failed
    at node:internal/deps/undici/undici:13510:13
    at processTicksAndRejections (node:internal/process/task_queues:105:5)
[CAUSE]: Error: getaddrinfo ENOTFOUND abc
    at GetAddrInfoReqWrap.onlookupall [as oncomplete] (node:dns:122:26)
    at GetAddrInfoReqWrap.callbackTrampoline (node:internal/async_hooks:130:17) {
  errno: -3008,
  code: 'ENOTFOUND',
  syscall: 'getaddrinfo',
  hostname: 'abc'
}
============================================================
[10:44:26] >>> CONTEXT: ERROR UPDATE IN PWA-BACKEND: - PATH: HTTP://ABC:404/API/UPDATE <<<
TypeError: fetch failed
    at node:internal/deps/undici/undici:13510:13
    at processTicksAndRejections (node:internal/process/task_queues:105:5)
[CAUSE]: Error: getaddrinfo ENOTFOUND abc
    at GetAddrInfoReqWrap.onlookupall [as oncomplete] (node:dns:122:26)
    at GetAddrInfoReqWrap.callbackTrampoline (node:internal/async_hooks:130:17) {
  errno: -3008,
  code: 'ENOTFOUND',
  syscall: 'getaddrinfo',
  hostname: 'abc'
}
============================================================
[10:44:28] >>> CONTEXT: ERROR DELETE IN PWA-BACKEND: HTTP://ABC:404/API/DELETE <<<
TypeError: fetch failed
    at node:internal/deps/undici/undici:13510:13
    at processTicksAndRejections (node:internal/process/task_queues:105:5)
[CAUSE]: Error: getaddrinfo ENOTFOUND abc
    at GetAddrInfoReqWrap.onlookupall [as oncomplete] (node:dns:122:26)
    at GetAddrInfoReqWrap.callbackTrampoline (node:internal/async_hooks:130:17) {
  errno: -3008,
  code: 'ENOTFOUND',
  syscall: 'getaddrinfo',
  hostname: 'abc'
}
============================================================
[10:44:30] >>> CONTEXT: ERROR UPDATE IN PWA-BACKEND: - PATH: HTTP://ABC:404/API/UPDATE <<<
TypeError: fetch failed
    at node:internal/deps/undici/undici:13510:13
    at processTicksAndRejections (node:internal/process/task_queues:105:5)
[CAUSE]: Error: getaddrinfo ENOTFOUND abc
    at GetAddrInfoReqWrap.onlookupall [as oncomplete] (node:dns:122:26)
    at GetAddrInfoReqWrap.callbackTrampoline (node:internal/async_hooks:130:17) {
  errno: -3008,
  code: 'ENOTFOUND',
  syscall: 'getaddrinfo',
  hostname: 'abc'
}
============================================================
[10:44:31] >>> CONTEXT: ERROR DELETE IN PWA-BACKEND: HTTP://ABC:404/API/DELETE <<<
TypeError: fetch failed
    at node:internal/deps/undici/undici:13510:13
    at processTicksAndRejections (node:internal/process/task_queues:105:5)
[CAUSE]: Error: getaddrinfo ENOTFOUND abc
    at GetAddrInfoReqWrap.onlookupall [as oncomplete] (node:dns:122:26)
    at GetAddrInfoReqWrap.callbackTrampoline (node:internal/async_hooks:130:17) {
  errno: -3008,
  code: 'ENOTFOUND',
  syscall: 'getaddrinfo',
  hostname: 'abc'
}
============================================================
[10:44:33] >>> CONTEXT: ERROR INSERT TO PWA-BACKEND: - PATH: HTTP://ABC:404/API/INSERT <<<
TypeError: fetch failed
    at node:internal/deps/undici/undici:13510:13
    at processTicksAndRejections (node:internal/process/task_queues:105:5)
[CAUSE]: Error: getaddrinfo ENOTFOUND abc
    at GetAddrInfoReqWrap.onlookupall [as oncomplete] (node:dns:122:26)
    at GetAddrInfoReqWrap.callbackTrampoline (node:internal/async_hooks:130:17) {
  errno: -3008,
  code: 'ENOTFOUND',
  syscall: 'getaddrinfo',
  hostname: 'abc'
}
============================================================
[10:44:35] >>> CONTEXT: ERROR UPDATE IN PWA-BACKEND: - PATH: HTTP://ABC:404/API/UPDATE <<<
TypeError: fetch failed
    at node:internal/deps/undici/undici:13510:13
    at processTicksAndRejections (node:internal/process/task_queues:105:5)
[CAUSE]: Error: getaddrinfo ENOTFOUND abc
    at GetAddrInfoReqWrap.onlookupall [as oncomplete] (node:dns:122:26)
    at GetAddrInfoReqWrap.callbackTrampoline (node:internal/async_hooks:130:17) {
  errno: -3008,
  code: 'ENOTFOUND',
  syscall: 'getaddrinfo',
  hostname: 'abc'
}
============================================================
[10:56:21] >>> CONTEXT: ERROR INSERT TO PWA-BACKEND: - PATH: HTTP://ABC:404/API/INSERT <<<
TypeError: fetch failed
    at node:internal/deps/undici/undici:13510:13
    at processTicksAndRejections (node:internal/process/task_queues:105:5)
[CAUSE]: Error: getaddrinfo ENOTFOUND abc
    at GetAddrInfoReqWrap.onlookupall [as oncomplete] (node:dns:122:26)
    at GetAddrInfoReqWrap.callbackTrampoline (node:internal/async_hooks:130:17) {
  errno: -3008,
  code: 'ENOTFOUND',
  syscall: 'getaddrinfo',
  hostname: 'abc'
}
============================================================
