[09:50:51] >>> CONTEXT: ERROR INSERT TO PWA-BACKEND: - PATH: HTTP://ABC:404/API/INSERT <<<
TypeError: fetch failed
    at node:internal/deps/undici/undici:13510:13
    at processTicksAndRejections (node:internal/process/task_queues:105:5)
[CAUSE]: Error: getaddrinfo ENOTFOUND abc
    at GetAddrInfoReqWrap.onlookupall [as oncomplete] (node:dns:122:26)
    at GetAddrInfoReqWrap.callbackTrampoline (node:internal/async_hooks:130:17) {
  errno: -3008,
  code: 'ENOTFOUND',
  syscall: 'getaddrinfo',
  hostname: 'abc'
}
============================================================
[09:50:54] >>> CONTEXT: ERROR INSERT TO PWA-BACKEND: - PATH: HTTP://ABC:404/API/INSERT <<<
TypeError: fetch failed
    at node:internal/deps/undici/undici:13510:13
    at processTicksAndRejections (node:internal/process/task_queues:105:5)
[CAUSE]: Error: getaddrinfo ENOTFOUND abc
    at GetAddrInfoReqWrap.onlookupall [as oncomplete] (node:dns:122:26)
    at GetAddrInfoReqWrap.callbackTrampoline (node:internal/async_hooks:130:17) {
  errno: -3008,
  code: 'ENOTFOUND',
  syscall: 'getaddrinfo',
  hostname: 'abc'
}
============================================================
[10:13:49] >>> CONTEXT: ERROR INSERT TO PWA-BACKEND: - PATH: HTTP://ABC:404/API/INSERT <<<
TypeError: fetch failed
    at node:internal/deps/undici/undici:13510:13
    at processTicksAndRejections (node:internal/process/task_queues:105:5)
[CAUSE]: Error: getaddrinfo ENOTFOUND abc
    at GetAddrInfoReqWrap.onlookupall [as oncomplete] (node:dns:122:26)
    at GetAddrInfoReqWrap.callbackTrampoline (node:internal/async_hooks:130:17) {
  errno: -3008,
  code: 'ENOTFOUND',
  syscall: 'getaddrinfo',
  hostname: 'abc'
}
============================================================
[10:13:54] >>> CONTEXT: ERROR UPDATE IN PWA-BACKEND: - PATH: HTTP://ABC:404/API/UPDATE <<<
TypeError: fetch failed
    at node:internal/deps/undici/undici:13510:13
    at processTicksAndRejections (node:internal/process/task_queues:105:5)
[CAUSE]: Error: getaddrinfo ENOTFOUND abc
    at GetAddrInfoReqWrap.onlookupall [as oncomplete] (node:dns:122:26)
    at GetAddrInfoReqWrap.callbackTrampoline (node:internal/async_hooks:130:17) {
  errno: -3008,
  code: 'ENOTFOUND',
  syscall: 'getaddrinfo',
  hostname: 'abc'
}
============================================================
[10:14:06] >>> CONTEXT: ERROR INSERT TO PWA-BACKEND: - PATH: HTTP://ABC:404/API/INSERT <<<
TypeError: fetch failed
    at node:internal/deps/undici/undici:13510:13
    at processTicksAndRejections (node:internal/process/task_queues:105:5)
[CAUSE]: Error: getaddrinfo ENOTFOUND abc
    at GetAddrInfoReqWrap.onlookupall [as oncomplete] (node:dns:122:26)
    at GetAddrInfoReqWrap.callbackTrampoline (node:internal/async_hooks:130:17) {
  errno: -3008,
  code: 'ENOTFOUND',
  syscall: 'getaddrinfo',
  hostname: 'abc'
}
============================================================
[10:14:23] >>> CONTEXT: ERROR UPDATE IN PWA-BACKEND: - PATH: HTTP://ABC:404/API/UPDATE <<<
TypeError: fetch failed
    at node:internal/deps/undici/undici:13510:13
    at processTicksAndRejections (node:internal/process/task_queues:105:5)
[CAUSE]: Error: getaddrinfo ENOTFOUND abc
    at GetAddrInfoReqWrap.onlookupall [as oncomplete] (node:dns:122:26)
    at GetAddrInfoReqWrap.callbackTrampoline (node:internal/async_hooks:130:17) {
  errno: -3008,
  code: 'ENOTFOUND',
  syscall: 'getaddrinfo',
  hostname: 'abc'
}
============================================================
[10:18:42] >>> CONTEXT: ERROR DELETE IN PWA-BACKEND: HTTP://ABC:404/API/DELETE <<<
TypeError: fetch failed
    at node:internal/deps/undici/undici:13510:13
    at processTicksAndRejections (node:internal/process/task_queues:105:5)
[CAUSE]: Error: getaddrinfo ENOTFOUND abc
    at GetAddrInfoReqWrap.onlookupall [as oncomplete] (node:dns:122:26)
    at GetAddrInfoReqWrap.callbackTrampoline (node:internal/async_hooks:130:17) {
  errno: -3008,
  code: 'ENOTFOUND',
  syscall: 'getaddrinfo',
  hostname: 'abc'
}
============================================================
[10:18:45] >>> CONTEXT: ERROR DELETE IN PWA-BACKEND: HTTP://ABC:404/API/DELETE <<<
TypeError: fetch failed
    at node:internal/deps/undici/undici:13510:13
    at processTicksAndRejections (node:internal/process/task_queues:105:5)
[CAUSE]: Error: getaddrinfo ENOTFOUND abc
    at GetAddrInfoReqWrap.onlookupall [as oncomplete] (node:dns:122:26)
    at GetAddrInfoReqWrap.callbackTrampoline (node:internal/async_hooks:130:17) {
  errno: -3008,
  code: 'ENOTFOUND',
  syscall: 'getaddrinfo',
  hostname: 'abc'
}
============================================================
[10:18:47] >>> CONTEXT: ERROR DELETE IN PWA-BACKEND: HTTP://ABC:404/API/DELETE <<<
TypeError: fetch failed
    at node:internal/deps/undici/undici:13510:13
    at processTicksAndRejections (node:internal/process/task_queues:105:5)
[CAUSE]: Error: getaddrinfo ENOTFOUND abc
    at GetAddrInfoReqWrap.onlookupall [as oncomplete] (node:dns:122:26)
    at GetAddrInfoReqWrap.callbackTrampoline (node:internal/async_hooks:130:17) {
  errno: -3008,
  code: 'ENOTFOUND',
  syscall: 'getaddrinfo',
  hostname: 'abc'
}
============================================================
[10:18:50] >>> CONTEXT: ERROR DELETE IN PWA-BACKEND: HTTP://ABC:404/API/DELETE <<<
TypeError: fetch failed
    at node:internal/deps/undici/undici:13510:13
    at processTicksAndRejections (node:internal/process/task_queues:105:5)
[CAUSE]: Error: getaddrinfo ENOTFOUND abc
    at GetAddrInfoReqWrap.onlookupall [as oncomplete] (node:dns:122:26)
    at GetAddrInfoReqWrap.callbackTrampoline (node:internal/async_hooks:130:17) {
  errno: -3008,
  code: 'ENOTFOUND',
  syscall: 'getaddrinfo',
  hostname: 'abc'
}
============================================================
[10:18:53] >>> CONTEXT: ERROR DELETE IN PWA-BACKEND: HTTP://ABC:404/API/DELETE <<<
TypeError: fetch failed
    at node:internal/deps/undici/undici:13510:13
    at processTicksAndRejections (node:internal/process/task_queues:105:5)
[CAUSE]: Error: getaddrinfo ENOTFOUND abc
    at GetAddrInfoReqWrap.onlookupall [as oncomplete] (node:dns:122:26)
    at GetAddrInfoReqWrap.callbackTrampoline (node:internal/async_hooks:130:17) {
  errno: -3008,
  code: 'ENOTFOUND',
  syscall: 'getaddrinfo',
  hostname: 'abc'
}
============================================================
[10:18:55] >>> CONTEXT: ERROR DELETE IN PWA-BACKEND: HTTP://ABC:404/API/DELETE <<<
TypeError: fetch failed
    at node:internal/deps/undici/undici:13510:13
    at processTicksAndRejections (node:internal/process/task_queues:105:5)
[CAUSE]: Error: getaddrinfo ENOTFOUND abc
    at GetAddrInfoReqWrap.onlookupall [as oncomplete] (node:dns:122:26)
    at GetAddrInfoReqWrap.callbackTrampoline (node:internal/async_hooks:130:17) {
  errno: -3008,
  code: 'ENOTFOUND',
  syscall: 'getaddrinfo',
  hostname: 'abc'
}
============================================================
[10:23:25] >>> CONTEXT: ERROR INSERT TO PWA-BACKEND: - PATH: HTTP://ABC:404/API/INSERT <<<
TypeError: fetch failed
    at node:internal/deps/undici/undici:13510:13
    at processTicksAndRejections (node:internal/process/task_queues:105:5)
[CAUSE]: Error: getaddrinfo ENOTFOUND abc
    at GetAddrInfoReqWrap.onlookupall [as oncomplete] (node:dns:122:26)
    at GetAddrInfoReqWrap.callbackTrampoline (node:internal/async_hooks:130:17) {
  errno: -3008,
  code: 'ENOTFOUND',
  syscall: 'getaddrinfo',
  hostname: 'abc'
}
============================================================
[10:32:07] >>> CONTEXT: ERROR INSERT TO PWA-BACKEND: - PATH: HTTP://ABC:404/API/INSERT <<<
TypeError: fetch failed
    at node:internal/deps/undici/undici:13510:13
    at processTicksAndRejections (node:internal/process/task_queues:105:5)
[CAUSE]: Error: getaddrinfo ENOTFOUND abc
    at GetAddrInfoReqWrap.onlookupall [as oncomplete] (node:dns:122:26)
    at GetAddrInfoReqWrap.callbackTrampoline (node:internal/async_hooks:130:17) {
  errno: -3008,
  code: 'ENOTFOUND',
  syscall: 'getaddrinfo',
  hostname: 'abc'
}
============================================================
[10:32:11] >>> CONTEXT: ERROR UPDATE IN PWA-BACKEND: - PATH: HTTP://ABC:404/API/UPDATE <<<
TypeError: fetch failed
    at node:internal/deps/undici/undici:13510:13
    at processTicksAndRejections (node:internal/process/task_queues:105:5)
[CAUSE]: Error: getaddrinfo ENOTFOUND abc
    at GetAddrInfoReqWrap.onlookupall [as oncomplete] (node:dns:122:26)
    at GetAddrInfoReqWrap.callbackTrampoline (node:internal/async_hooks:130:17) {
  errno: -3008,
  code: 'ENOTFOUND',
  syscall: 'getaddrinfo',
  hostname: 'abc'
}
============================================================
[10:32:25] >>> CONTEXT: ERROR UPDATE IN PWA-BACKEND: - PATH: HTTP://ABC:404/API/UPDATE <<<
TypeError: fetch failed
    at node:internal/deps/undici/undici:13510:13
    at processTicksAndRejections (node:internal/process/task_queues:105:5)
[CAUSE]: Error: getaddrinfo ENOTFOUND abc
    at GetAddrInfoReqWrap.onlookupall [as oncomplete] (node:dns:122:26)
    at GetAddrInfoReqWrap.callbackTrampoline (node:internal/async_hooks:130:17) {
  errno: -3008,
  code: 'ENOTFOUND',
  syscall: 'getaddrinfo',
  hostname: 'abc'
}
============================================================
[10:35:56] >>> CONTEXT: ERROR INSERT TO PWA-BACKEND: - PATH: HTTP://ABC:404/API/INSERT <<<
TypeError: fetch failed
    at node:internal/deps/undici/undici:13510:13
    at processTicksAndRejections (node:internal/process/task_queues:105:5)
[CAUSE]: Error: getaddrinfo ENOTFOUND abc
    at GetAddrInfoReqWrap.onlookupall [as oncomplete] (node:dns:122:26)
    at GetAddrInfoReqWrap.callbackTrampoline (node:internal/async_hooks:130:17) {
  errno: -3008,
  code: 'ENOTFOUND',
  syscall: 'getaddrinfo',
  hostname: 'abc'
}
============================================================
[11:29:41] >>> CONTEXT: ERROR DELETE IN PWA-BACKEND: HTTP://ABC:404/API/DELETE <<<
TypeError: fetch failed
    at node:internal/deps/undici/undici:13510:13
    at processTicksAndRejections (node:internal/process/task_queues:105:5)
[CAUSE]: Error: getaddrinfo ENOTFOUND abc
    at GetAddrInfoReqWrap.onlookupall [as oncomplete] (node:dns:122:26)
    at GetAddrInfoReqWrap.callbackTrampoline (node:internal/async_hooks:130:17) {
  errno: -3008,
  code: 'ENOTFOUND',
  syscall: 'getaddrinfo',
  hostname: 'abc'
}
============================================================
[11:29:44] >>> CONTEXT: ERROR DELETE IN PWA-BACKEND: HTTP://ABC:404/API/DELETE <<<
TypeError: fetch failed
    at node:internal/deps/undici/undici:13510:13
    at processTicksAndRejections (node:internal/process/task_queues:105:5)
[CAUSE]: Error: getaddrinfo ENOTFOUND abc
    at GetAddrInfoReqWrap.onlookupall [as oncomplete] (node:dns:122:26)
    at GetAddrInfoReqWrap.callbackTrampoline (node:internal/async_hooks:130:17) {
  errno: -3008,
  code: 'ENOTFOUND',
  syscall: 'getaddrinfo',
  hostname: 'abc'
}
============================================================
[11:29:46] >>> CONTEXT: ERROR DELETE IN PWA-BACKEND: HTTP://ABC:404/API/DELETE <<<
TypeError: fetch failed
    at node:internal/deps/undici/undici:13510:13
    at processTicksAndRejections (node:internal/process/task_queues:105:5)
[CAUSE]: Error: getaddrinfo ENOTFOUND abc
    at GetAddrInfoReqWrap.onlookupall [as oncomplete] (node:dns:122:26)
    at GetAddrInfoReqWrap.callbackTrampoline (node:internal/async_hooks:130:17) {
  errno: -3008,
  code: 'ENOTFOUND',
  syscall: 'getaddrinfo',
  hostname: 'abc'
}
============================================================
[14:08:57] >>> CONTEXT: ERROR UPDATE IN PWA-BACKEND: - PATH: HTTP://ABC:404/API/UPDATE <<<
TypeError: fetch failed
    at node:internal/deps/undici/undici:13510:13
    at processTicksAndRejections (node:internal/process/task_queues:105:5)
[CAUSE]: Error: getaddrinfo ENOTFOUND abc
    at GetAddrInfoReqWrap.onlookupall [as oncomplete] (node:dns:122:26)
    at GetAddrInfoReqWrap.callbackTrampoline (node:internal/async_hooks:130:17) {
  errno: -3008,
  code: 'ENOTFOUND',
  syscall: 'getaddrinfo',
  hostname: 'abc'
}
============================================================
[14:10:39] >>> CONTEXT: ERROR DELETE IN PWA-BACKEND: HTTP://ABC:404/API/DELETE <<<
TypeError: fetch failed
    at node:internal/deps/undici/undici:13510:13
    at processTicksAndRejections (node:internal/process/task_queues:105:5)
[CAUSE]: Error: getaddrinfo ENOTFOUND abc
    at GetAddrInfoReqWrap.onlookupall [as oncomplete] (node:dns:122:26)
    at GetAddrInfoReqWrap.callbackTrampoline (node:internal/async_hooks:130:17) {
  errno: -3008,
  code: 'ENOTFOUND',
  syscall: 'getaddrinfo',
  hostname: 'abc'
}
============================================================
